[0.045s] Invoking command in '/home/belajar_ws/build/my_package': CMAKE_PREFIX_PATH=/opt/ros/humble /usr/bin/cmake /home/belajar_ws/src/my_package -DCMAKE_INSTALL_PREFIX=/home/belajar_ws/install/my_package
[0.187s] -- The C compiler identification is GNU 11.4.0
[0.290s] -- The CXX compiler identification is GNU 11.4.0
[0.300s] -- Detecting C compiler ABI info
[0.400s] -- Detecting C compiler ABI info - done
[0.405s] -- Check for working C compiler: /usr/bin/cc - skipped
[0.406s] -- Detecting C compile features
[0.406s] -- Detecting C compile features - done
[0.409s] -- Detecting CXX compiler ABI info
[0.483s] -- Detecting CXX compiler ABI info - done
[0.489s] -- Check for working CXX compiler: /usr/bin/c++ - skipped
[0.489s] -- Detecting CXX compile features
[0.490s] -- Detecting CXX compile features - done
[0.526s] -- Found ament_cmake: 1.3.8 (/opt/ros/humble/share/ament_cmake/cmake)
[0.661s] -- Found Python3: /usr/bin/python3 (found version "3.10.12") found components: Interpreter 
[0.770s] -- Found ament_lint_auto: 0.12.10 (/opt/ros/humble/share/ament_lint_auto/cmake)
[0.850s] -- Added test 'lint_cmake' to check CMake code style
[0.851s] -- Added test 'xmllint' to check XML markup files
[0.853s] -- Configuring done
[0.857s] -- Generating done
[0.859s] -- Build files have been written to: /home/belajar_ws/build/my_package
[0.863s] Invoked command in '/home/belajar_ws/build/my_package' returned '0': CMAKE_PREFIX_PATH=/opt/ros/humble /usr/bin/cmake /home/belajar_ws/src/my_package -DCMAKE_INSTALL_PREFIX=/home/belajar_ws/install/my_package
[0.864s] Invoking command in '/home/belajar_ws/build/my_package': CMAKE_PREFIX_PATH=/opt/ros/humble /usr/bin/cmake --build /home/belajar_ws/build/my_package -- -j12 -l12
[0.889s] Invoked command in '/home/belajar_ws/build/my_package' returned '0': CMAKE_PREFIX_PATH=/opt/ros/humble /usr/bin/cmake --build /home/belajar_ws/build/my_package -- -j12 -l12
[0.931s] Invoking command in '/home/belajar_ws/build/my_package': CMAKE_PREFIX_PATH=/opt/ros/humble /usr/bin/cmake --install /home/belajar_ws/build/my_package
[0.935s] -- Install configuration: ""
[0.936s] -- Installing: /home/belajar_ws/install/my_package/share/ament_index/resource_index/package_run_dependencies/my_package
[0.936s] -- Installing: /home/belajar_ws/install/my_package/share/ament_index/resource_index/parent_prefix_path/my_package
[0.936s] -- Installing: /home/belajar_ws/install/my_package/share/my_package/environment/ament_prefix_path.sh
[0.937s] -- Installing: /home/belajar_ws/install/my_package/share/my_package/environment/ament_prefix_path.dsv
[0.937s] -- Installing: /home/belajar_ws/install/my_package/share/my_package/environment/path.sh
[0.937s] -- Installing: /home/belajar_ws/install/my_package/share/my_package/environment/path.dsv
[0.937s] -- Installing: /home/belajar_ws/install/my_package/share/my_package/local_setup.bash
[0.937s] -- Installing: /home/belajar_ws/install/my_package/share/my_package/local_setup.sh
[0.937s] -- Installing: /home/belajar_ws/install/my_package/share/my_package/local_setup.zsh
[0.938s] -- Installing: /home/belajar_ws/install/my_package/share/my_package/local_setup.dsv
[0.938s] -- Installing: /home/belajar_ws/install/my_package/share/my_package/package.dsv
[0.938s] -- Installing: /home/belajar_ws/install/my_package/share/ament_index/resource_index/packages/my_package
[0.939s] -- Installing: /home/belajar_ws/install/my_package/share/my_package/cmake/my_packageConfig.cmake
[0.939s] -- Installing: /home/belajar_ws/install/my_package/share/my_package/cmake/my_packageConfig-version.cmake
[0.939s] -- Installing: /home/belajar_ws/install/my_package/share/my_package/package.xml
[0.941s] Invoked command in '/home/belajar_ws/build/my_package' returned '0': CMAKE_PREFIX_PATH=/opt/ros/humble /usr/bin/cmake --install /home/belajar_ws/build/my_package
